<?xml version="1.0" encoding="UTF-8"?>
<!-- Generated by org.testng.reporters.JUnitXMLReporter -->
<testsuite ignored="2" hostname="Madhus-MacBook-Air.local" failures="2" tests="2" name="Test" time="0.073" errors="0" timestamp="2020-08-15T17:01:44 IST">
  <testcase classname="com.test.LoginPageTest" name="sptest" time="0.007">
    <failure type="java.lang.NullPointerException">
      <![CDATA[java.lang.NullPointerException
at org.openqa.selenium.support.pagefactory.DefaultElementLocator.findElement(DefaultElementLocator.java:69)
at org.openqa.selenium.support.pagefactory.internal.LocatingElementHandler.invoke(LocatingElementHandler.java:38)
at com.sun.proxy.$Proxy12.click(Unknown Source)
at com.pages.LoginPage.myaccount(LoginPage.java:45)
at com.test.LoginPageTest.sptest(LoginPageTest.java:15)
at java.base/java.util.ArrayList.forEach(ArrayList.java:1540)
... Removed 27 stack frames]]>
    </failure>
  </testcase> <!-- sptest -->
  <testcase classname="com.test.CheckoutpageTest" name="checkouttest" time="0.002">
    <failure type="java.lang.NullPointerException">
      <![CDATA[java.lang.NullPointerException
at org.openqa.selenium.support.pagefactory.DefaultElementLocator.findElement(DefaultElementLocator.java:69)
at org.openqa.selenium.support.pagefactory.internal.LocatingElementHandler.invoke(LocatingElementHandler.java:38)
at com.sun.proxy.$Proxy12.sendKeys(Unknown Source)
at com.pages.CheckoutPage.searchbox(CheckoutPage.java:34)
at com.test.CheckoutpageTest.checkouttest(CheckoutpageTest.java:16)
at java.base/java.util.ArrayList.forEach(ArrayList.java:1540)
... Removed 27 stack frames]]>
    </failure>
  </testcase> <!-- checkouttest -->
  <testcase classname="BaseTest.BaseClass" name="@BeforeSuite startup" time="0.0">
    <ignored/>
  </testcase> <!-- @BeforeSuite startup -->
  <testcase classname="BaseTest.BaseClass" name="@AfterSuite tearup" time="0.0">
    <ignored/>
  </testcase> <!-- @AfterSuite tearup -->
</testsuite> <!-- Test -->
